2025-12-14 14:26:35, MOVE, v:1, k:poo@estacionamento, mode:PICK
2025-12-14 14:26:36, MOVE, v:1, k:poo@estacionamento, mode:BACK
2025-12-14 14:26:47, MOVE, v:1, k:poo@estacionamento, mode:PICK
2025-12-14 14:26:48, EXEC, v:1, k:poo@estacionamento, mode:FULL, rate:0, size:57
2025-12-14 14:29:50, EXEC, v:1, k:poo@estacionamento, mode:FULL, rate:0, size:59
2025-12-14 14:33:50, EXEC, v:1, k:poo@estacionamento, mode:FULL, rate:0, size:69
2025-12-14 14:36:38, EXEC, v:1, k:poo@estacionamento, mode:FULL, rate:0, size:70
2025-12-14 14:39:26, EXEC, v:1, k:poo@estacionamento, mode:FULL, rate:0, size:67
2025-12-14 14:40:24, EXEC, v:1, k:poo@estacionamento, mode:FULL, rate:0, size:69
2025-12-14 14:41:33, EXEC, v:1, k:poo@estacionamento, mode:FULL, rate:0, size:71
2025-12-14 14:42:10, EXEC, v:1, k:poo@estacionamento, mode:FULL, rate:0, size:76
2025-12-14 14:42:25, EXEC, v:1, k:poo@estacionamento, mode:FULL, rate:0, size:76
2025-12-14 14:45:31, EXEC, v:1, k:poo@estacionamento, mode:FULL, rate:0, size:86
2025-12-14 14:47:22, EXEC, v:1, k:poo@estacionamento, mode:FULL, rate:0, size:86
2025-12-14 14:48:10, EXEC, v:1, k:poo@estacionamento, mode:FULL, rate:0, size:88
2025-12-14 14:48:21, EXEC, v:1, k:poo@estacionamento, mode:FULL, rate:75, size:88
2025-12-14 14:48:36, MOVE, v:1, k:poo@estacionamento, mode:BACK
2025-12-14 14:48:49, MOVE, v:1, k:poo@estacionamento, mode:PICK
2025-12-14 14:48:50, EXEC, v:1, k:poo@estacionamento, mode:FULL, rate:75
2025-12-14 14:49:03, EXEC, v:1, k:poo@estacionamento, mode:FULL, rate:0, size:88
2025-12-14 14:49:03, EXEC, v:1, k:poo@estacionamento, mode:FULL, rate:0, size:88
2025-12-14 14:49:05, EXEC, v:1, k:poo@estacionamento, mode:FULL, rate:0, size:88
2025-12-14 14:49:05, EXEC, v:1, k:poo@estacionamento, mode:FULL, rate:0
2025-12-14 14:49:06, MOVE, v:1, k:poo@estacionamento, mode:BACK
2025-12-14 14:49:09, MOVE, v:1, k:poo@estacionamento, mode:PICK
2025-12-14 14:49:11, EXEC, v:1, k:poo@estacionamento, mode:FULL, rate:75, size:88
2025-12-14 14:49:12, MOVE, v:1, k:poo@estacionamento, mode:BACK
2025-12-14 14:49:33, MOVE, v:1, k:poo@estacionamento, mode:PICK
2025-12-14 14:49:33, EXEC, v:1, k:poo@estacionamento, mode:FULL, rate:75, size:94
2025-12-14 14:49:37, MOVE, v:1, k:poo@estacionamento, mode:BACK
2025-12-14 14:49:41, MOVE, v:1, k:poo@estacionamento, mode:PICK
2025-12-14 14:49:42, EXEC, v:1, k:poo@estacionamento, mode:FULL, rate:0, size:84
2025-12-14 14:49:42, MOVE, v:1, k:poo@estacionamento, mode:BACK
2025-12-14 14:50:08, MOVE, v:1, k:poo@estacionamento, mode:PICK
2025-12-14 14:50:08, EXEC, v:1, k:poo@estacionamento, mode:FULL, rate:75, size:88
2025-12-14 14:56:02, EXEC, v:1, k:poo@estacionamento, mode:FULL, rate:75, size:96
2025-12-14 14:57:16, EXEC, v:1, k:poo@estacionamento, mode:FULL, rate:75, size:99
2025-12-14 14:59:09, EXEC, v:1, k:poo@estacionamento, mode:FULL, rate:75, size:99
2025-12-14 15:00:07, EXEC, v:1, k:poo@estacionamento, mode:FULL, rate:100, size:99
2025-12-14 15:00:29, MOVE, v:1, k:poo@estacionamento, mode:PICK
2025-12-14 15:00:30, EXEC, v:1, k:poo@estacionamento, mode:FULL, rate:100
2025-12-14 15:00:34, MOVE, v:1, k:poo@estacionamento, mode:BACK
2025-12-14 15:01:54, SELF, v:1, k:poo@estacionamento, rate:100, other:stackoverflow_e_documentacao, alone:9
2025-12-14 15:01:57, MOVE, v:1, k:poo@estacionamento, mode:PICK
2025-12-14 15:01:58, EXEC, v:1, k:poo@estacionamento, mode:FREE
2025-12-14 15:14:42, MOVE, v:1, k:poo@estacionamento, mode:BACK
2025-12-14 15:14:44, MOVE, v:1, k:poo@estacionamento, mode:PICK
2025-12-14 15:14:45, EXEC, v:1, k:poo@estacionamento, mode:FULL, rate:100
2025-12-14 15:14:45, MOVE, v:1, k:poo@estacionamento, mode:BACK
2025-12-14 15:14:50, MOVE, v:1, k:poo@estacionamento, mode:PICK
2025-12-14 15:14:50, EXEC, v:1, k:poo@estacionamento, mode:FREE
2025-12-14 15:16:47, EXEC, v:1, k:poo@estacionamento, mode:FULL, rate:100, size:108
2025-12-14 15:17:56, EXEC, v:1, k:poo@estacionamento, mode:FULL, rate:100, size:115
2025-12-14 15:17:58, EXEC, v:1, k:poo@estacionamento, mode:FREE
2025-12-14 16:47:57, MOVE, v:1, k:poo@estacionamento, mode:BACK
2025-12-14 16:47:58, MOVE, v:1, k:poo@estacionamento, mode:PICK
2025-12-14 16:47:58, EXEC, v:1, k:poo@estacionamento, mode:FULL, rate:100
2025-12-14 16:47:59, MOVE, v:1, k:poo@estacionamento, mode:BACK
2025-12-14 16:48:52, SELF, v:1, k:poo@estacionamento, rate:100, other:stackoverflow_e_documentacao, alone:9, study:70
